<?xml version="1.0" encoding="UTF-8"?>
<testng-results ignored="0" total="1" passed="1" failed="0" skipped="0">
  <reporter-output>
  </reporter-output>
  <suite started-at="2022-01-19T20:59:59 IST" name="Default suite" finished-at="2022-01-19T20:59:59 IST" duration-ms="72">
    <groups>
    </groups>
    <test started-at="2022-01-19T20:59:59 IST" name="Default test" finished-at="2022-01-19T20:59:59 IST" duration-ms="72">
      <class name="com.Ranford.master.Baseclass">
        <test-method is-config="true" signature="beforeSuite()[pri:0, instance:com.Ranford.master.Baseclass@15aab8c6]" started-at="2022-01-19T20:59:59 IST" name="beforeSuite" finished-at="2022-01-19T20:59:59 IST" duration-ms="22" status="PASS">
          <reporter-output>
          </reporter-output>
        </test-method> <!-- beforeSuite -->
        <test-method is-config="true" signature="beforeTest()[pri:0, instance:com.Ranford.master.Baseclass@15aab8c6]" started-at="2022-01-19T20:59:59 IST" name="beforeTest" finished-at="2022-01-19T20:59:59 IST" duration-ms="0" status="PASS">
          <reporter-output>
          </reporter-output>
        </test-method> <!-- beforeTest -->
        <test-method signature="f()[pri:0, instance:com.Ranford.master.Baseclass@15aab8c6]" started-at="2022-01-19T20:59:59 IST" name="f" finished-at="2022-01-19T20:59:59 IST" duration-ms="9" status="PASS">
          <reporter-output>
          </reporter-output>
        </test-method> <!-- f -->
        <test-method is-config="true" signature="afterTest()[pri:0, instance:com.Ranford.master.Baseclass@15aab8c6]" started-at="2022-01-19T20:59:59 IST" name="afterTest" finished-at="2022-01-19T20:59:59 IST" duration-ms="0" status="PASS">
          <reporter-output>
          </reporter-output>
        </test-method> <!-- afterTest -->
        <test-method is-config="true" signature="afterSuite()[pri:0, instance:com.Ranford.master.Baseclass@15aab8c6]" started-at="2022-01-19T21:00:00 IST" name="afterSuite" finished-at="2022-01-19T21:00:00 IST" duration-ms="0" status="PASS">
          <reporter-output>
          </reporter-output>
        </test-method> <!-- afterSuite -->
      </class> <!-- com.Ranford.master.Baseclass -->
    </test> <!-- Default test -->
  </suite> <!-- Default suite -->
</testng-results>
